<?xml version="1.0" encoding="UTF-8"?>
<!-- Generated by org.testng.reporters.JUnitReportReporter -->
<testsuite hostname="ITEM-S110971" failures="0" tests="3" name="testNGExample.AmazonTest2" time="2.220" errors="0" timestamp="2023-02-01T11:08:09 CET" skipped="0">
  <testcase classname="testNGExample.AmazonTest2" name="verifyApplicationTitle" time="0.260"/>
  <system-out/>
  <testcase classname="testNGExample.AmazonTest2" name="searchItem" time="1.900"/>
  <system-out/>
  <testcase classname="testNGExample.AmazonTest2" name="verifyApplicationTitleAfterSearch" time="0.060"/>
  <system-out/>
</testsuite> <!-- testNGExample.AmazonTest2 -->
