<?xml version="1.0" encoding="UTF-8"?>
<!-- Generated by org.testng.reporters.JUnitReportReporter -->
<testsuite hostname="ITEM-S110971" failures="0" tests="3" name="HandleCheckBoxRadioButton" time="0.236" errors="0" timestamp="2023-01-25T11:26:15 CET" skipped="0">
  <testcase classname="HandleCheckBoxRadioButton" name="verifyComboBox" time="0.064"/>
  <system-out/>
  <testcase classname="HandleCheckBoxRadioButton" name="verifyCheckbox" time="0.087"/>
  <system-out/>
  <testcase classname="HandleCheckBoxRadioButton" name="verifyRadioButton" time="0.085"/>
  <system-out/>
</testsuite> <!-- HandleCheckBoxRadioButton -->
