<?xml version="1.0" encoding="UTF-8"?>
<!-- Generated by org.testng.reporters.JUnitReportReporter -->
<testsuite hostname="ITEM-S110971" failures="0" tests="1" name="SmokeTest.Logintest" time="51.373" errors="0" timestamp="2023-01-24T11:19:50 CET" skipped="0">
  <testcase classname="SmokeTest.Logintest" name="verifyLoginTest" time="51.373"/>
  <system-out/>
</testsuite> <!-- SmokeTest.Logintest -->
