<?xml version="1.0" encoding="UTF-8"?>
<!-- Generated by org.testng.reporters.JUnitReportReporter -->
<testsuite skipped="0" hostname="ITEM-S110971" name="testNGExample.AmazonTest2" tests="3" failures="0" timestamp="2023-02-01T11:34:41 CET" time="1.766" errors="0">
  <testcase name="verifyApplicationTitle" time="0.028" classname="testNGExample.AmazonTest2"/>
  <testcase name="searchItem" time="1.722" classname="testNGExample.AmazonTest2"/>
  <testcase name="verifyApplicationTitleAfterSearch" time="0.016" classname="testNGExample.AmazonTest2"/>
</testsuite> <!-- testNGExample.AmazonTest2 -->
